<?xml version="1.0" encoding="UTF-8"?>
<!-- Generated by org.testng.reporters.JUnitXMLReporter -->
<testsuite ignored="0" hostname="LAPTOP-EDU7HGVC" failures="0" tests="6" name="Default test" time="58.411" errors="0" timestamp="2023-07-27T01:48:51 EDT">
  <testcase classname="com.day10.automation.TestNG_23July_Assignment" name="loginTestCase1" time="4.216"/>
  <testcase classname="com.day10.automation.TestNG_23July_Assignment" name="loginTestCase2" time="3.226"/>
  <testcase classname="com.day10.automation.TestNG_23July_Assignment" name="loginTestCase3" time="6.288"/>
  <testcase classname="com.day10.automation.TestNG_23July_Assignment" name="registerTestCase4" time="5.707"/>
  <testcase classname="com.day10.automation.TestNG_23July_Assignment" name="registerTestCase5" time="5.287"/>
  <testcase classname="com.day10.automation.TestNG_23July_Assignment" name="registerTestCase6" time="5.49"/>
</testsuite> <!-- Default test -->
